0 info it worked if it ends with ok
1 verbose cli [ '/Users/ddunderfelt/.nvm/versions/io.js/v2.3.2/bin/iojs',
1 verbose cli   '/Users/ddunderfelt/.nvm/versions/io.js/v2.3.2/bin/npm',
1 verbose cli   'v' ]
2 info using npm@2.11.3
3 info using node@v2.3.2
4 verbose stack Error: Invalid package.json
4 verbose stack     at /Users/ddunderfelt/.nvm/versions/io.js/v2.3.2/lib/node_modules/npm/lib/view.js:77:30
4 verbose stack     at /Users/ddunderfelt/.nvm/versions/io.js/v2.3.2/lib/node_modules/npm/node_modules/read-package-json/read-json.js:345:5
4 verbose stack     at checkBinReferences_ (/Users/ddunderfelt/.nvm/versions/io.js/v2.3.2/lib/node_modules/npm/node_modules/read-package-json/read-json.js:309:45)
4 verbose stack     at final (/Users/ddunderfelt/.nvm/versions/io.js/v2.3.2/lib/node_modules/npm/node_modules/read-package-json/read-json.js:343:3)
4 verbose stack     at then (/Users/ddunderfelt/.nvm/versions/io.js/v2.3.2/lib/node_modules/npm/node_modules/read-package-json/read-json.js:113:5)
4 verbose stack     at /Users/ddunderfelt/.nvm/versions/io.js/v2.3.2/lib/node_modules/npm/node_modules/read-package-json/read-json.js:300:12
4 verbose stack     at FSReqWrap.readFileAfterClose [as oncomplete] (evalmachine.<anonymous>:380:3)
5 verbose cwd /Users/ddunderfelt/projects/spectatormode/services/api
6 error Darwin 14.3.0
7 error argv "/Users/ddunderfelt/.nvm/versions/io.js/v2.3.2/bin/iojs" "/Users/ddunderfelt/.nvm/versions/io.js/v2.3.2/bin/npm" "v"
8 error node v2.3.2
9 error npm  v2.11.3
10 error Invalid package.json
11 error If you need help, you may report this error at:
11 error     <https://github.com/npm/npm/issues>
12 verbose exit [ 1, true ]
